2021-03-17 11:55:31.959 [main] INFO  calc.calcDevops - Ans for factorial: 6
2021-03-17 11:55:31.974 [main] INFO  calc.calcDevops - Ans for factorial: 3628800
2021-03-17 11:55:31.974 [main] INFO  calc.calcDevops - Ans for factorial: 1
2021-03-17 11:55:31.980 [main] INFO  calc.calcDevops - Ans for factorial: 2.302585092994046
2021-03-17 11:55:31.980 [main] INFO  calc.calcDevops - Ans for factorial: -Infinity
2021-03-17 11:55:31.981 [main] INFO  calc.calcDevops - Ans for factorial: 0.0
2021-03-17 11:55:31.983 [main] INFO  calc.calcDevops - Ans for factorial: 0.9932517730102834
2021-03-17 11:55:31.983 [main] INFO  calc.calcDevops - Ans for factorial: 2.302585092994046
2021-03-17 11:55:31.983 [main] INFO  calc.calcDevops - Ans for factorial: 0.0
2021-03-17 11:55:31.984 [main] INFO  calc.calcDevops - Ans for factorial: 6
2021-03-17 11:55:31.985 [main] INFO  calc.calcDevops - Ans for factorial: 3628800
2021-03-17 11:55:31.985 [main] INFO  calc.calcDevops - Ans for factorial: 1
2021-03-17 11:55:31.985 [main] INFO  calc.calcDevops - Ans for factorial: 1
2021-03-17 11:55:31.986 [main] INFO  calc.calcDevops - Ans for power: 16.0
2021-03-17 11:55:31.986 [main] INFO  calc.calcDevops - Ans for power: 0.0
2021-03-17 11:55:31.987 [main] INFO  calc.calcDevops - Ans for power: NaN
2021-03-17 11:55:31.988 [main] INFO  calc.calcDevops - Ans for power: 16.0
2021-03-17 11:55:31.988 [main] INFO  calc.calcDevops - Ans for power: 0.0
2021-03-17 11:55:31.989 [main] INFO  calc.calcDevops - Ans for power: 9.0
2021-03-17 11:55:31.990 [main] INFO  calc.calcDevops - Ans for sqr root: 5.0
2021-03-17 11:55:31.990 [main] INFO  calc.calcDevops - Ans for sqr root: 10.0
2021-03-17 11:55:31.990 [main] INFO  calc.calcDevops - Ans for sqr root: 9.486832980505138
2021-03-17 11:55:31.992 [main] INFO  calc.calcDevops - Ans for sqr root: 9.486832980505138
2021-03-17 11:55:31.992 [main] INFO  calc.calcDevops - Ans for sqr root: 5.0990195135927845
